TN:
SF:components\assessment\AssessmentCompleted.tsx
FN:35,ChecklistRow
FN:71,SummaryCard
FN:99,AssessmentCompleted
FN:103,(anonymous_3)
FN:105,(anonymous_4)
FN:106,(anonymous_5)
FN:108,(anonymous_6)
FN:166,(anonymous_7)
FNF:8
FNH:6
FNDA:40,ChecklistRow
FNDA:8,SummaryCard
FNDA:8,AssessmentCompleted
FNDA:8,(anonymous_3)
FNDA:0,(anonymous_4)
FNDA:0,(anonymous_5)
FNDA:8,(anonymous_6)
FNDA:40,(anonymous_7)
DA:2,1
DA:17,1
DA:25,1
DA:36,40
DA:72,8
DA:97,1
DA:100,8
DA:101,8
DA:103,8
DA:104,8
DA:105,8
DA:106,0
DA:108,8
DA:111,8
DA:167,40
LF:15
LH:14
BRDA:40,0,0,32
BRDA:40,0,1,8
BRDA:40,1,0,40
BRDA:40,1,1,40
BRDA:43,2,0,0
BRDA:43,2,1,40
BRDA:56,3,0,8
BRDA:56,3,1,32
BRDA:104,4,0,0
BRDA:104,4,1,8
BRDA:120,5,0,0
BRDA:120,5,1,8
BRDA:149,6,0,8
BRDA:149,6,1,8
BRF:14
BRH:11
end_of_record
TN:
SF:components\assessment\CategoryIcon.tsx
FN:35,CategoryIcon
FNF:1
FNH:1
FNDA:114,CategoryIcon
DA:18,2
DA:40,114
DA:41,114
LF:3
LH:3
BRDA:37,0,0,114
BRF:1
BRH:1
end_of_record
TN:
SF:components\assessment\StepDetails.tsx
FN:19,CategoryTile
FN:28,(anonymous_1)
FN:61,CapitalInput
FN:62,handleChange
FN:99,progressCount
FN:118,StepDetails
FN:129,handleSelect
FN:148,(anonymous_7)
FNF:8
FNH:7
FNDA:104,CategoryTile
FNDA:2,(anonymous_1)
FNDA:13,CapitalInput
FNDA:0,handleChange
FNDA:13,progressCount
FNDA:13,StepDetails
FNDA:2,handleSelect
FNDA:104,(anonymous_7)
DA:2,1
DA:25,104
DA:28,2
DA:63,0
DA:64,0
DA:67,13
DA:100,13
DA:101,13
DA:102,13
DA:103,13
DA:126,13
DA:127,13
DA:130,2
DA:133,13
DA:149,104
LF:15
LH:13
BRDA:34,0,0,5
BRDA:34,0,1,99
BRDA:42,1,0,5
BRDA:42,1,1,99
BRDA:45,2,0,104
BRDA:45,2,1,1
BRDA:64,3,0,0
BRDA:64,3,1,0
BRDA:86,4,0,9
BRDA:86,4,1,4
BRDA:101,5,0,5
BRDA:101,5,1,8
BRDA:102,6,0,4
BRDA:102,6,1,9
BRDA:130,7,0,1
BRDA:130,7,1,1
BRDA:141,8,0,13
BRDA:141,8,1,1
BRDA:174,9,0,3
BRDA:174,9,1,10
BRF:20
BRH:18
end_of_record
TN:
SF:components\assessment\StepIdea.tsx
FN:20,CowIcon
FN:43,SewingIcon
FN:67,StoreIcon
FN:91,SackIcon
FN:113,SproutIcon
FN:179,StepIdea
FN:188,handleChange
FN:194,handleKeyDown
FN:236,(anonymous_8)
FN:242,(anonymous_9)
FNF:10
FNH:10
FNDA:15,CowIcon
FNDA:15,SewingIcon
FNDA:15,StoreIcon
FNDA:15,SackIcon
FNDA:15,SproutIcon
FNDA:15,StepIdea
FNDA:3,handleChange
FNDA:5,handleKeyDown
FNDA:75,(anonymous_8)
FNDA:1,(anonymous_9)
DA:2,1
DA:8,1
DA:9,1
DA:21,15
DA:44,15
DA:68,15
DA:92,15
DA:114,15
DA:144,1
DA:185,15
DA:186,15
DA:189,3
DA:190,3
DA:195,5
DA:196,1
DA:200,15
DA:237,75
DA:238,75
DA:242,1
LF:19
LH:19
BRDA:189,0,0,3
BRDA:189,0,1,0
BRDA:195,1,0,1
BRDA:195,1,1,4
BRDA:195,2,0,5
BRDA:195,2,1,1
BRDA:195,2,2,0
BRDA:195,2,3,1
BRDA:254,3,0,15
BRDA:254,3,1,1
BRDA:274,4,0,4
BRDA:274,4,1,11
BRDA:283,5,0,15
BRDA:283,5,1,11
BRF:14
BRH:12
end_of_record
TN:
SF:components\assessment\StepIndicator.tsx
FN:18,resolveState
FN:34,StepDot
FN:62,StepIndicator
FN:68,(anonymous_3)
FNF:4
FNH:4
FNDA:28,resolveState
FNDA:28,StepDot
FNDA:7,StepIndicator
FNDA:28,(anonymous_3)
DA:2,1
DA:9,1
DA:23,28
DA:24,28
DA:25,26
DA:26,19
DA:35,28
DA:36,28
DA:37,2
DA:43,26
DA:44,7
DA:50,19
DA:66,7
DA:69,28
DA:70,28
DA:71,28
LF:16
LH:16
BRDA:24,0,0,2
BRDA:24,0,1,26
BRDA:24,1,0,28
BRDA:24,1,1,3
BRDA:25,2,0,7
BRDA:25,2,1,19
BRDA:36,3,0,2
BRDA:36,3,1,26
BRDA:43,4,0,7
BRDA:43,4,1,19
BRDA:75,5,0,7
BRDA:75,5,1,21
BRDA:82,6,0,7
BRDA:82,6,1,21
BRDA:90,7,0,28
BRDA:90,7,1,21
BRDA:95,8,0,3
BRDA:95,8,1,18
BRDA:97,9,0,7
BRDA:97,9,1,11
BRF:20
BRH:20
end_of_record
TN:
SF:components\assessment\StepLocation.tsx
FN:21,ResultItem
FN:25,(anonymous_1)
FN:56,SelectedChip
FN:89,StepLocation
FN:100,(anonymous_4)
FN:105,handleSelect
FN:111,handleClear
FN:143,(anonymous_7)
FN:161,(anonymous_8)
FNF:9
FNH:9
FNDA:2,ResultItem
FNDA:1,(anonymous_1)
FNDA:11,SelectedChip
FNDA:41,StepLocation
FNDA:13,(anonymous_4)
FNDA:1,handleSelect
FNDA:1,handleClear
FNDA:13,(anonymous_7)
FNDA:2,(anonymous_8)
DA:2,1
DA:22,2
DA:25,1
DA:57,11
DA:95,41
DA:96,41
DA:97,41
DA:98,41
DA:100,41
DA:101,13
DA:102,13
DA:106,1
DA:107,1
DA:108,1
DA:112,1
DA:113,1
DA:114,1
DA:117,41
DA:143,13
DA:162,2
LF:20
LH:20
BRDA:129,0,0,11
BRDA:129,0,1,30
BRDA:154,1,0,30
BRDA:154,1,1,2
BRDA:178,2,0,11
BRDA:178,2,1,30
BRF:6
BRH:6
end_of_record
TN:
SF:components\assessment\StepReview.tsx
FN:17,ReviewRow
FN:52,StepReview
FN:75,(anonymous_2)
FN:80,(anonymous_3)
FN:85,(anonymous_4)
FN:90,(anonymous_5)
FNF:6
FNH:5
FNDA:48,ReviewRow
FNDA:12,StepReview
FNDA:1,(anonymous_2)
FNDA:1,(anonymous_3)
FNDA:0,(anonymous_4)
FNDA:1,(anonymous_5)
DA:2,1
DA:18,48
DA:58,12
DA:63,12
DA:65,12
DA:75,1
DA:80,1
DA:85,0
DA:90,1
LF:9
LH:8
BRDA:58,0,0,12
BRDA:58,0,1,9
BRDA:58,0,2,9
BRDA:58,0,3,9
BRDA:74,1,0,12
BRDA:74,1,1,3
BRDA:79,2,0,12
BRDA:79,2,1,3
BRDA:84,3,0,9
BRDA:84,3,1,3
BRDA:89,4,0,12
BRDA:89,4,1,3
BRDA:101,5,0,9
BRDA:101,5,1,3
BRF:14
BRH:14
end_of_record
TN:
SF:components\compare\CompareCard.tsx
FN:17,getIconTheme
FN:37,renderDemandBadge
FN:59,MiniSparkline
FN:71,(anonymous_3)
FN:99,CompareCard
FNF:5
FNH:5
FNDA:33,getIconTheme
FNDA:33,renderDemandBadge
FNDA:33,MiniSparkline
FNDA:198,(anonymous_3)
FNDA:33,CompareCard
DA:2,2
DA:18,33
DA:19,33
DA:20,12
DA:22,21
DA:23,9
DA:25,12
DA:26,4
DA:28,8
DA:29,3
DA:31,5
DA:32,1
DA:34,4
DA:38,33
DA:39,20
DA:45,13
DA:46,13
DA:52,0
DA:60,33
DA:61,0
DA:64,33
DA:65,33
DA:66,33
DA:67,33
DA:68,33
DA:69,33
DA:71,33
DA:72,198
DA:73,198
DA:74,198
DA:77,33
DA:79,33
DA:104,33
DA:105,33
DA:107,33
LF:35
LH:33
BRDA:19,0,0,12
BRDA:19,0,1,21
BRDA:22,1,0,9
BRDA:22,1,1,12
BRDA:22,2,0,21
BRDA:22,2,1,12
BRDA:25,3,0,4
BRDA:25,3,1,8
BRDA:25,4,0,12
BRDA:25,4,1,8
BRDA:28,5,0,3
BRDA:28,5,1,5
BRDA:31,6,0,1
BRDA:31,6,1,4
BRDA:38,7,0,20
BRDA:38,7,1,13
BRDA:45,8,0,13
BRDA:45,8,1,0
BRDA:60,9,0,0
BRDA:60,9,1,33
BRDA:66,10,0,33
BRDA:66,10,1,0
BRDA:139,11,0,33
BRDA:139,11,1,29
BRDA:159,12,0,30
BRDA:159,12,1,3
BRDA:179,13,0,32
BRDA:179,13,1,1
BRDA:181,14,0,1
BRDA:181,14,1,0
BRF:30
BRH:26
end_of_record
TN:
SF:components\compare\CompareHeader.tsx
FN:14,CompareHeader
FNF:1
FNH:1
FNDA:23,CompareHeader
DA:2,2
DA:20,23
LF:2
LH:2
BRDA:26,0,0,23
BRDA:26,0,1,16
BRF:2
BRH:2
end_of_record
TN:
SF:components\compare\CompareNextSteps.tsx
FN:14,CompareNextSteps
FNF:1
FNH:1
FNDA:15,CompareNextSteps
DA:2,2
DA:18,15
LF:2
LH:2
BRF:0
BRH:0
end_of_record
TN:
SF:components\compare\CompareScreen.tsx
FN:20,CompareScreen
FN:27,(anonymous_1)
FN:39,(anonymous_2)
FN:46,(anonymous_3)
FN:47,(anonymous_4)
FN:49,(anonymous_5)
FN:54,(anonymous_6)
FN:56,(anonymous_7)
FN:70,(anonymous_8)
FN:117,(anonymous_9)
FN:122,(anonymous_10)
FN:156,(anonymous_11)
FN:162,(anonymous_12)
FNF:13
FNH:11
FNDA:20,CompareScreen
FNDA:5,(anonymous_1)
FNDA:10,(anonymous_2)
FNDA:7,(anonymous_3)
FNDA:7,(anonymous_4)
FNDA:2,(anonymous_5)
FNDA:2,(anonymous_6)
FNDA:2,(anonymous_7)
FNDA:1,(anonymous_8)
FNDA:0,(anonymous_9)
FNDA:0,(anonymous_10)
FNDA:36,(anonymous_11)
FNDA:2,(anonymous_12)
DA:2,2
DA:21,20
DA:22,20
DA:23,20
DA:26,20
DA:27,20
DA:28,5
DA:29,1
DA:31,4
DA:32,1
DA:33,1
DA:35,3
DA:39,20
DA:40,10
DA:43,20
DA:44,20
DA:46,20
DA:47,20
DA:49,20
DA:50,2
DA:51,2
DA:54,20
DA:56,2
DA:57,2
DA:58,1
DA:60,1
DA:61,1
DA:62,1
DA:64,0
DA:70,20
DA:71,1
DA:74,20
DA:75,20
DA:77,20
DA:117,0
DA:122,0
DA:157,36
DA:158,36
DA:162,2
LF:39
LH:36
BRDA:28,0,0,1
BRDA:28,0,1,4
BRDA:31,1,0,1
BRDA:31,1,1,3
BRDA:32,2,0,0
BRDA:32,2,1,1
BRDA:43,3,0,20
BRDA:43,3,1,4
BRDA:44,4,0,20
BRDA:44,4,1,6
BRDA:57,5,0,1
BRDA:57,5,1,1
BRDA:60,6,0,1
BRDA:60,6,1,0
BRDA:61,7,0,0
BRDA:61,7,1,1
BRDA:110,8,0,14
BRDA:110,8,1,6
BRDA:150,9,0,2
BRDA:150,9,1,4
BRDA:164,10,0,2
BRDA:164,10,1,34
BRDA:169,11,0,2
BRDA:169,11,1,34
BRF:24
BRH:21
end_of_record
TN:
SF:components\compare\TrendComparisonChart.tsx
FN:15,TrendComparisonChart
FN:37,getY
FN:42,getX
FN:47,generateSmoothPath
FN:49,(anonymous_4)
FN:124,(anonymous_5)
FN:180,(anonymous_6)
FN:232,(anonymous_7)
FN:243,(anonymous_8)
FN:244,(anonymous_9)
FNF:10
FNH:10
FNDA:20,TrendComparisonChart
FNDA:1060,getY
FNDA:800,getX
FNDA:40,generateSmoothPath
FNDA:480,(anonymous_4)
FNDA:1,(anonymous_5)
FNDA:100,(anonymous_6)
FNDA:240,(anonymous_7)
FNDA:1,(anonymous_8)
FNDA:1,(anonymous_9)
DA:2,2
DA:21,20
DA:22,20
DA:25,20
DA:26,20
DA:27,20
DA:28,20
DA:29,20
DA:30,20
DA:32,20
DA:33,20
DA:35,20
DA:38,1060
DA:39,1060
DA:43,800
DA:48,40
DA:49,480
DA:54,40
DA:56,40
DA:57,440
DA:58,440
DA:59,440
DA:60,440
DA:63,40
DA:66,20
DA:67,20
DA:70,20
DA:79,20
DA:87,20
DA:125,1
DA:181,100
DA:182,100
DA:233,240
DA:234,240
DA:235,240
DA:236,240
DA:237,240
DA:238,240
DA:240,240
DA:243,1
DA:244,1
LF:41
LH:41
BRDA:48,0,0,0
BRDA:48,0,1,40
BRDA:70,1,0,20
BRDA:70,1,1,0
BRDA:79,2,0,20
BRDA:79,2,1,0
BRDA:144,3,0,20
BRDA:144,3,1,1
BRDA:151,4,0,1
BRDA:151,4,1,0
BRDA:154,5,0,1
BRDA:154,5,1,0
BRDA:191,6,0,20
BRDA:191,6,1,80
BRDA:206,7,0,20
BRDA:206,7,1,20
BRDA:207,8,0,20
BRDA:207,8,1,20
BRDA:210,9,0,20
BRDA:210,9,1,20
BRDA:220,10,0,20
BRDA:220,10,1,20
BRDA:234,11,0,240
BRDA:234,11,1,0
BRDA:235,12,0,240
BRDA:235,12,1,0
BRDA:257,13,0,240
BRDA:257,13,1,1
BRDA:273,14,0,1
BRDA:273,14,1,239
BRDA:284,15,0,1
BRDA:284,15,1,239
BRDA:297,16,0,1
BRDA:297,16,1,239
BRF:34
BRH:27
end_of_record
TN:
SF:components\dashboard\DashboardTab.tsx
FN:22,BreakdownBar
FN:39,DashboardTab
FN:109,(anonymous_2)
FN:122,(anonymous_3)
FN:134,(anonymous_4)
FNF:5
FNH:5
FNDA:32,BreakdownBar
FNDA:8,DashboardTab
FNDA:24,(anonymous_2)
FNDA:24,(anonymous_3)
FNDA:16,(anonymous_4)
DA:4,1
DA:23,32
DA:43,8
DA:110,24
DA:123,24
DA:135,16
LF:6
LH:6
BRF:0
BRH:0
end_of_record
TN:
SF:components\dashboard\FinancialsTab.tsx
FN:15,FinancialsTab
FN:19,(anonymous_1)
FN:136,(anonymous_2)
FNF:3
FNH:3
FNDA:2,FinancialsTab
FNDA:24,(anonymous_1)
FNDA:24,(anonymous_2)
DA:4,1
DA:17,2
DA:19,24
DA:21,2
DA:137,24
DA:138,24
DA:140,24
LF:7
LH:7
BRF:0
BRH:0
end_of_record
TN:
SF:components\dashboard\MarketTab.tsx
FN:15,MarketTab
FN:80,(anonymous_1)
FN:104,(anonymous_2)
FNF:3
FNH:3
FNDA:1,MarketTab
FNDA:4,(anonymous_1)
FNDA:3,(anonymous_2)
DA:4,1
DA:16,1
DA:18,1
DA:81,4
DA:105,3
LF:5
LH:5
BRDA:111,0,0,3
BRDA:111,0,1,3
BRDA:118,1,0,0
BRDA:118,1,1,3
BRDA:120,2,0,1
BRDA:120,2,1,2
BRF:6
BRH:5
end_of_record
TN:
SF:components\dashboard\NextStepsTab.tsx
FN:15,NextStepsTab
FN:22,(anonymous_1)
FN:24,handleSaveNotes
FN:26,(anonymous_3)
FN:35,(anonymous_4)
FN:92,(anonymous_5)
FN:143,(anonymous_6)
FN:182,(anonymous_7)
FNF:8
FNH:7
FNDA:3,NextStepsTab
FNDA:3,(anonymous_1)
FNDA:1,handleSaveNotes
FNDA:0,(anonymous_3)
FNDA:9,(anonymous_4)
FNDA:9,(anonymous_5)
FNDA:1,(anonymous_6)
FNDA:21,(anonymous_7)
DA:4,1
DA:16,3
DA:17,3
DA:18,3
DA:22,3
DA:25,1
DA:26,1
DA:29,3
DA:36,9
DA:37,9
DA:39,9
DA:93,9
DA:143,1
DA:183,21
LF:14
LH:14
BRDA:45,0,0,3
BRDA:45,0,1,6
BRDA:47,1,0,3
BRDA:47,1,1,3
BRDA:52,2,0,3
BRDA:52,2,1,6
BRDA:57,3,0,3
BRDA:57,3,1,6
BRDA:59,4,0,3
BRDA:59,4,1,3
BRDA:68,5,0,9
BRDA:68,5,1,6
BRDA:72,6,0,3
BRDA:72,6,1,3
BRDA:130,7,0,3
BRDA:130,7,1,1
BRDA:167,8,0,3
BRDA:167,8,1,3
BRF:18
BRH:18
end_of_record
TN:
SF:components\dashboard\SchemesTab.tsx
FN:15,SchemesTab
FN:28,(anonymous_1)
FNF:2
FNH:2
FNDA:1,SchemesTab
FNDA:2,(anonymous_1)
DA:4,1
DA:16,1
DA:18,1
DA:29,2
LF:4
LH:4
BRDA:33,0,0,1
BRDA:33,0,1,1
BRDA:43,1,0,1
BRDA:43,1,1,1
BRDA:55,2,0,2
BRDA:55,2,1,2
BRDA:63,3,0,1
BRDA:63,3,1,1
BRDA:68,4,0,1
BRDA:68,4,1,1
BRDA:112,5,0,1
BRDA:112,5,1,1
BRDA:115,6,0,1
BRDA:115,6,1,1
BRF:14
BRH:14
end_of_record
TN:
SF:components\dashboard\ScoreRing.tsx
FN:14,ScoreRing
FNF:1
FNH:1
FNDA:8,ScoreRing
DA:4,1
DA:19,8
DA:20,8
DA:21,8
DA:22,8
DA:24,8
LF:6
LH:6
BRDA:16,0,0,8
BRDA:17,1,0,8
BRF:2
BRH:2
end_of_record
TN:
SF:components\discover\CategoryCard.tsx
FN:20,CategoryCard
FN:33,(anonymous_1)
FN:86,(anonymous_2)
FNF:3
FNH:2
FNDA:14,CategoryCard
FNDA:0,(anonymous_1)
FNDA:1,(anonymous_2)
DA:4,2
DA:25,14
DA:26,14
DA:28,14
DA:33,0
DA:87,1
DA:88,1
LF:7
LH:6
BRDA:33,0,0,0
BRDA:33,0,1,0
BRDA:69,1,0,14
BRDA:69,1,1,0
BRDA:69,2,0,0
BRDA:69,2,1,0
BRDA:72,3,0,14
BRDA:72,3,1,14
BRDA:73,4,0,14
BRDA:73,4,1,0
BRDA:76,5,0,14
BRDA:76,5,1,14
BRDA:91,6,0,0
BRDA:91,6,1,14
BRDA:100,7,0,0
BRDA:100,7,1,14
BRF:16
BRH:8
end_of_record
TN:
SF:components\discover\CategoryIcons.tsx
FN:11,CowIcon
FN:31,LoomIcon
FN:44,ShopIcon
FN:55,SackIcon
FN:71,TruckIcon
FN:82,SproutIcon
FN:92,SewingIcon
FN:103,FactoryIcon
FN:113,getCategoryIcon
FNF:9
FNH:8
FNDA:63,CowIcon
FNDA:20,LoomIcon
FNDA:27,ShopIcon
FNDA:0,SackIcon
FNDA:1,TruckIcon
FNDA:8,SproutIcon
FNDA:13,SewingIcon
FNDA:33,FactoryIcon
FNDA:155,getCategoryIcon
DA:12,63
DA:32,20
DA:45,27
DA:56,0
DA:72,1
DA:83,8
DA:93,13
DA:104,33
DA:114,155
DA:115,155
DA:116,102
DA:117,89
DA:118,69
DA:119,42
DA:120,9
DA:121,8
LF:16
LH:15
BRDA:11,0,0,63
BRDA:11,1,0,63
BRDA:31,2,0,20
BRDA:31,3,0,20
BRDA:44,4,0,27
BRDA:44,5,0,27
BRDA:55,6,0,0
BRDA:55,7,0,0
BRDA:71,8,0,1
BRDA:71,9,0,1
BRDA:82,10,0,8
BRDA:82,11,0,8
BRDA:92,12,0,13
BRDA:92,13,0,13
BRDA:103,14,0,33
BRDA:103,15,0,33
BRDA:113,16,0,155
BRDA:113,17,0,155
BRDA:115,18,0,53
BRDA:115,18,1,102
BRDA:115,19,0,155
BRDA:115,19,1,102
BRDA:116,20,0,13
BRDA:116,20,1,89
BRDA:116,21,0,102
BRDA:116,21,1,89
BRDA:117,22,0,20
BRDA:117,22,1,69
BRDA:117,23,0,89
BRDA:117,23,1,69
BRDA:117,23,2,69
BRDA:118,24,0,27
BRDA:118,24,1,42
BRDA:118,25,0,69
BRDA:118,25,1,42
BRDA:118,25,2,42
BRDA:119,26,0,33
BRDA:119,26,1,9
BRDA:119,27,0,42
BRDA:119,27,1,9
BRDA:120,28,0,1
BRDA:120,28,1,8
BRDA:120,29,0,9
BRDA:120,29,1,8
BRDA:120,29,2,8
BRF:45
BRH:43
end_of_record
TN:
SF:components\discover\CategoryList.tsx
FN:18,CategoryList
FN:26,(anonymous_1)
FN:39,(anonymous_2)
FN:49,(anonymous_3)
FN:54,(anonymous_4)
FN:55,(anonymous_5)
FN:56,(anonymous_6)
FNF:7
FNH:4
FNDA:5,CategoryList
FNDA:1,(anonymous_1)
FNDA:0,(anonymous_2)
FNDA:8,(anonymous_3)
FNDA:0,(anonymous_4)
FNDA:0,(anonymous_5)
FNDA:1,(anonymous_6)
DA:4,1
DA:24,5
DA:26,5
DA:28,1
DA:33,5
DA:39,0
DA:50,8
DA:54,0
DA:55,0
DA:56,1
LF:10
LH:7
BRF:0
BRH:0
end_of_record
TN:
SF:components\discover\CompareBar.tsx
FN:14,CompareBar
FN:21,handleView
FN:22,(anonymous_2)
FNF:3
FNH:1
FNDA:3,CompareBar
FNDA:0,handleView
FNDA:0,(anonymous_2)
DA:4,1
DA:15,3
DA:18,3
DA:19,3
DA:22,0
DA:23,0
DA:26,3
LF:7
LH:5
BRDA:18,0,0,3
BRDA:18,0,1,0
BRF:2
BRH:1
end_of_record
TN:
SF:components\discover\IndiaMap.tsx
FN:16,IndiaMap
FN:19,handleStateClick
FN:54,(anonymous_2)
FN:73,(anonymous_3)
FN:87,(anonymous_4)
FN:88,(anonymous_5)
FN:89,(anonymous_6)
FNF:7
FNH:6
FNDA:8,IndiaMap
FNDA:1,handleStateClick
FNDA:1,(anonymous_2)
FNDA:288,(anonymous_3)
FNDA:1,(anonymous_4)
FNDA:1,(anonymous_5)
FNDA:0,(anonymous_6)
DA:4,1
DA:17,8
DA:20,1
DA:21,1
DA:23,0
DA:27,8
DA:54,1
DA:75,288
DA:79,288
DA:81,288
DA:87,1
DA:88,1
DA:89,0
LF:13
LH:11
BRDA:20,0,0,1
BRDA:20,0,1,0
BRDA:20,1,0,1
BRDA:20,1,1,1
BRDA:49,2,0,8
BRDA:49,2,1,4
BRDA:75,3,0,288
BRDA:75,3,1,144
BRDA:75,3,2,140
BRDA:75,3,3,140
BRDA:92,4,0,4
BRDA:92,4,1,284
BRDA:94,5,0,0
BRDA:94,5,1,284
BRF:14
BRH:12
end_of_record
TN:
SF:components\discover\InsightsPanel.tsx
FN:15,getDemandBadgeClass
FN:21,InsightsPanel
FNF:2
FNH:2
FNDA:13,getDemandBadgeClass
FNDA:13,InsightsPanel
DA:16,13
DA:17,2
DA:18,1
DA:27,13
LF:4
LH:4
BRDA:16,0,0,11
BRDA:16,0,1,2
BRDA:17,1,0,1
BRDA:17,1,1,1
BRDA:41,2,0,13
BRDA:41,2,1,2
BRF:6
BRH:6
end_of_record
TN:
SF:components\discover\Sparkline.tsx
FN:17,buildSmoothPath
FN:34,(anonymous_1)
FN:76,Sparkline
FNF:3
FNH:3
FNDA:100,buildSmoothPath
FNDA:584,(anonymous_1)
FNDA:100,Sparkline
DA:18,100
DA:19,100
DA:20,1
DA:21,1
DA:27,99
DA:28,99
DA:29,99
DA:30,100
DA:31,100
DA:32,100
DA:34,584
DA:39,100
DA:40,100
DA:41,485
DA:42,485
DA:43,485
DA:44,485
DA:46,485
DA:47,485
DA:48,485
DA:49,485
DA:51,485
DA:54,99
DA:55,99
DA:56,99
DA:58,99
DA:61,5
DA:83,100
DA:84,100
DA:85,100
DA:87,100
LF:31
LH:31
BRDA:18,0,0,0
BRDA:18,0,1,100
BRDA:18,1,0,100
BRDA:18,1,1,100
BRDA:19,2,0,1
BRDA:19,2,1,99
BRDA:29,3,0,99
BRDA:29,3,1,2
BRDA:41,4,0,386
BRDA:41,4,1,99
BRDA:44,5,0,386
BRDA:44,5,1,99
BRDA:79,6,0,100
BRDA:80,7,0,100
BRDA:81,8,0,100
BRDA:85,9,0,100
BRDA:85,9,1,0
BRDA:102,10,0,100
BRDA:102,10,1,29
BRDA:102,10,2,29
BRDA:106,11,0,100
BRDA:106,11,1,100
BRF:22
BRH:20
end_of_record
TN:
SF:components\discover\TopMovers.tsx
FN:14,getStatusPillClass
FN:25,MoverCard
FN:88,TopMovers
FN:110,(anonymous_3)
FNF:4
FNH:4
FNDA:24,getStatusPillClass
FNDA:24,MoverCard
FNDA:9,TopMovers
FNDA:24,(anonymous_3)
DA:15,24
DA:16,24
DA:17,8
DA:19,16
DA:20,8
DA:22,8
DA:26,24
DA:27,24
DA:29,24
DA:89,9
DA:111,24
LF:11
LH:11
BRDA:16,0,0,8
BRDA:16,0,1,16
BRDA:16,1,0,24
BRDA:16,1,1,16
BRDA:19,2,0,8
BRDA:19,2,1,8
BRDA:19,3,0,16
BRDA:19,3,1,8
BRDA:19,3,2,8
BRDA:39,4,0,24
BRDA:39,4,1,16
BRDA:40,5,0,24
BRDA:40,5,1,8
BRDA:41,6,0,24
BRDA:41,6,1,8
BRDA:41,6,2,0
BRDA:44,7,0,24
BRDA:44,7,1,16
BRDA:45,8,0,24
BRDA:45,8,1,8
BRDA:46,9,0,24
BRDA:46,9,1,8
BRDA:46,9,2,0
BRDA:96,10,0,9
BRDA:96,10,1,2
BRF:25
BRH:23
end_of_record
TN:
SF:components\landing\BuiltForRealitySection.tsx
FN:42,BuiltForRealitySection
FN:57,(anonymous_1)
FNF:2
FNH:2
FNDA:2,BuiltForRealitySection
FNDA:8,(anonymous_1)
DA:2,1
DA:15,1
DA:43,2
DA:58,8
DA:59,8
LF:5
LH:5
BRF:0
BRH:0
end_of_record
TN:
SF:components\landing\CtaBannerSection.tsx
FN:9,CtaBannerSection
FNF:1
FNH:1
FNDA:2,CtaBannerSection
DA:2,1
DA:10,2
LF:2
LH:2
BRF:0
BRH:0
end_of_record
TN:
SF:components\landing\FaqSection.tsx
FN:47,FaqSection
FN:50,toggleFaq
FN:51,(anonymous_2)
FN:54,handleOpenAll
FN:56,(anonymous_4)
FN:77,(anonymous_5)
FN:83,(anonymous_6)
FNF:7
FNH:7
FNDA:6,FaqSection
FNDA:2,toggleFaq
FNDA:2,(anonymous_2)
FNDA:1,handleOpenAll
FNDA:1,(anonymous_4)
FNDA:30,(anonymous_5)
FNDA:2,(anonymous_6)
DA:2,1
DA:14,1
DA:48,6
DA:51,2
DA:56,1
DA:59,6
DA:78,30
DA:79,30
DA:83,2
LF:9
LH:9
BRDA:51,0,0,1
BRDA:51,0,1,1
BRDA:56,1,0,0
BRDA:56,1,1,1
BRDA:71,2,0,2
BRDA:71,2,1,4
BRDA:93,3,0,30
BRDA:93,3,1,2
BRDA:99,4,0,30
BRDA:99,4,1,2
BRF:10
BRH:9
end_of_record
TN:
SF:components\landing\HeroSection.tsx
FN:18,HeroSection
FN:22,handleIdeaSubmit
FN:100,(anonymous_2)
FNF:3
FNH:3
FNDA:8,HeroSection
FNDA:2,handleIdeaSubmit
FNDA:1,(anonymous_2)
DA:2,1
DA:19,8
DA:20,8
DA:23,2
DA:24,2
DA:25,2
DA:26,1
DA:28,1
DA:32,8
DA:100,1
LF:10
LH:10
BRDA:25,0,0,1
BRDA:25,0,1,1
BRF:2
BRH:2
end_of_record
TN:
SF:components\landing\HowItHelpsSection.tsx
FN:49,HowItHelpsSection
FN:66,(anonymous_1)
FNF:2
FNH:2
FNDA:2,HowItHelpsSection
FNDA:6,(anonymous_1)
DA:2,1
DA:19,1
DA:50,2
DA:67,6
DA:68,6
LF:5
LH:5
BRF:0
BRH:0
end_of_record
TN:
SF:components\landing\LandingFooter.tsx
FN:7,YoutubeIcon
FN:15,LinkedinIcon
FN:23,XIcon
FN:31,LandingFooter
FNF:4
FNH:4
FNDA:2,YoutubeIcon
FNDA:2,LinkedinIcon
FNDA:2,XIcon
FNDA:2,LandingFooter
DA:2,1
DA:8,2
DA:16,2
DA:24,2
DA:32,2
LF:5
LH:5
BRF:0
BRH:0
end_of_record
TN:
SF:components\landing\LandingNavbar.tsx
FN:23,LandingNavbar
FN:27,handleSelect
FN:52,(anonymous_2)
FN:52,(anonymous_3)
FN:74,(anonymous_4)
FN:81,(anonymous_5)
FN:88,(anonymous_6)
FNF:7
FNH:6
FNDA:5,LandingNavbar
FNDA:1,handleSelect
FNDA:1,(anonymous_2)
FNDA:1,(anonymous_3)
FNDA:0,(anonymous_4)
FNDA:6,(anonymous_5)
FNDA:1,(anonymous_6)
DA:2,1
DA:14,1
DA:24,5
DA:25,5
DA:28,1
DA:29,1
DA:32,5
DA:52,1
DA:74,0
DA:82,6
DA:83,6
DA:88,1
LF:12
LH:11
BRDA:65,0,0,5
BRDA:65,0,1,1
BRDA:70,1,0,5
BRDA:70,1,1,1
BRDA:91,2,0,6
BRDA:91,2,1,1
BRDA:95,3,0,6
BRDA:95,3,1,1
BRF:8
BRH:8
end_of_record
TN:
SF:components\landing\MobileCommunityCard.tsx
FN:7,MobileCommunityCard
FNF:1
FNH:1
FNDA:2,MobileCommunityCard
DA:2,1
DA:8,2
LF:2
LH:2
BRF:0
BRH:0
end_of_record
TN:
SF:components\layout\BottomNav.tsx
FN:38,isTabActive
FN:51,TabItem
FN:96,BottomNav
FN:105,(anonymous_3)
FNF:4
FNH:4
FNDA:24,isTabActive
FNDA:24,TabItem
FNDA:6,BottomNav
FNDA:24,(anonymous_3)
DA:1,1
DA:21,1
DA:39,24
DA:40,18
DA:58,24
DA:59,24
DA:97,6
DA:99,6
DA:106,24
LF:9
LH:9
BRDA:39,0,0,6
BRDA:39,0,1,18
BRDA:39,1,0,6
BRDA:39,1,1,3
BRDA:55,2,0,24
BRDA:63,3,0,6
BRDA:63,3,1,18
BRDA:65,4,0,6
BRDA:65,4,1,18
BRDA:77,5,0,6
BRDA:77,5,1,12
BRDA:79,6,0,6
BRDA:79,6,1,12
BRDA:85,7,0,6
BRDA:85,7,1,18
BRDA:85,8,0,24
BRDA:85,8,1,6
BRF:17
BRH:17
end_of_record
TN:
SF:components\layout\Drawer.tsx
FN:60,DrawerNavRow
FN:96,DrawerLanguageRow
FN:113,(anonymous_2)
FN:117,(anonymous_3)
FN:134,Drawer
FN:140,(anonymous_5)
FN:145,(anonymous_6)
FN:147,onKeyDown
FN:151,(anonymous_8)
FN:154,isNavActive
FN:159,handleLogOut
FN:206,(anonymous_11)
FN:218,(anonymous_12)
FNF:13
FNH:0
FNDA:0,DrawerNavRow
FNDA:0,DrawerLanguageRow
FNDA:0,(anonymous_2)
FNDA:0,(anonymous_3)
FNDA:0,Drawer
FNDA:0,(anonymous_5)
FNDA:0,(anonymous_6)
FNDA:0,onKeyDown
FNDA:0,(anonymous_8)
FNDA:0,isNavActive
FNDA:0,handleLogOut
FNDA:0,(anonymous_11)
FNDA:0,(anonymous_12)
DA:1,0
DA:36,0
DA:66,0
DA:67,0
DA:100,0
DA:113,0
DA:118,0
DA:136,0
DA:137,0
DA:140,0
DA:141,0
DA:145,0
DA:146,0
DA:148,0
DA:150,0
DA:151,0
DA:155,0
DA:156,0
DA:160,0
DA:161,0
DA:164,0
DA:207,0
DA:219,0
LF:23
LH:0
BRDA:73,0,0,0
BRDA:73,0,1,0
BRDA:80,1,0,0
BRDA:80,1,1,0
BRDA:80,1,2,0
BRDA:146,2,0,0
BRDA:146,2,1,0
BRDA:148,3,0,0
BRDA:148,3,1,0
BRDA:155,4,0,0
BRDA:155,4,1,0
BRDA:155,5,0,0
BRDA:155,5,1,0
BRDA:170,6,0,0
BRDA:170,6,1,0
BRDA:185,7,0,0
BRDA:185,7,1,0
BRDA:223,8,0,0
BRDA:223,8,1,0
BRF:19
BRH:0
end_of_record
TN:
SF:components\layout\Header.tsx
FN:17,LocationChip
FN:41,CapitalChip
FN:62,SearchBar
FN:83,Header
FNF:4
FNH:0
FNDA:0,LocationChip
FNDA:0,CapitalChip
FNDA:0,SearchBar
FNDA:0,Header
DA:2,0
DA:18,0
DA:42,0
DA:63,0
DA:84,0
DA:86,0
LF:6
LH:0
BRF:0
BRH:0
end_of_record
TN:
SF:components\layout\Sidebar.tsx
FN:40,clampWidth
FN:44,applyWidthVar
FN:67,isNavActive
FN:80,NavRow
FN:108,LanguageRow
FN:125,(anonymous_5)
FN:129,(anonymous_6)
FN:143,LogOutRow
FN:162,ResizeHandle
FN:185,useSidebarResize
FN:198,(anonymous_10)
FN:213,(anonymous_11)
FN:217,(anonymous_12)
FN:222,onMouseMove
FN:229,onMouseUp
FN:239,(anonymous_15)
FN:256,Sidebar
FN:261,handleLogOut
FN:287,(anonymous_18)
FN:297,(anonymous_19)
FNF:20
FNH:17
FNDA:3,clampWidth
FNDA:41,applyWidthVar
FNDA:220,isNavActive
FNDA:220,NavRow
FNDA:22,LanguageRow
FNDA:0,(anonymous_5)
FNDA:110,(anonymous_6)
FNDA:22,LogOutRow
FNDA:22,ResizeHandle
FNDA:22,useSidebarResize
FNDA:19,(anonymous_10)
FNDA:22,(anonymous_11)
FNDA:2,(anonymous_12)
FNDA:0,onMouseMove
FNDA:2,onMouseUp
FNDA:1,(anonymous_15)
FNDA:22,Sidebar
FNDA:0,handleLogOut
FNDA:88,(anonymous_18)
FNDA:132,(anonymous_19)
DA:1,1
DA:35,1
DA:36,1
DA:37,1
DA:38,1
DA:41,3
DA:45,41
DA:50,1
DA:68,220
DA:69,198
DA:81,220
DA:82,220
DA:112,22
DA:125,0
DA:130,110
DA:144,22
DA:166,22
DA:189,22
DA:190,22
DA:193,22
DA:198,22
DA:199,19
DA:200,19
DA:201,4
DA:202,4
DA:203,3
DA:204,3
DA:205,3
DA:206,3
DA:209,16
DA:213,22
DA:214,22
DA:217,22
DA:218,2
DA:219,2
DA:220,2
DA:223,0
DA:224,0
DA:225,0
DA:226,0
DA:230,2
DA:231,2
DA:232,2
DA:235,2
DA:236,2
DA:239,22
DA:240,1
DA:241,1
DA:244,22
DA:257,22
DA:258,22
DA:259,22
DA:263,0
DA:266,22
DA:288,88
DA:298,132
LF:56
LH:50
BRDA:68,0,0,22
BRDA:68,0,1,198
BRDA:68,1,0,22
BRDA:68,1,1,3
BRDA:87,2,0,22
BRDA:87,2,1,198
BRDA:94,3,0,220
BRDA:94,3,1,22
BRDA:94,3,2,0
BRDA:200,4,0,4
BRDA:200,4,1,15
BRDA:202,5,0,3
BRDA:202,5,1,1
BRDA:302,6,0,22
BRDA:302,6,1,110
BRF:15
BRH:14
end_of_record
TN:
SF:components\profile\ActivitySummaryCard.tsx
FN:15,ActivityStat
FN:55,ActivitySummaryCard
FNF:2
FNH:2
FNDA:9,ActivityStat
FNDA:3,ActivitySummaryCard
DA:2,1
DA:22,9
DA:60,3
LF:3
LH:3
BRDA:20,0,0,9
BRDA:25,1,0,6
BRDA:25,1,1,3
BRDA:56,2,0,3
BRDA:57,3,0,3
BRDA:58,4,0,3
BRF:6
BRH:6
end_of_record
TN:
SF:components\profile\AvailableCapitalCard.tsx
FN:16,parseRawAmount
FN:24,formatRupees
FN:28,AvailableCapitalCard
FN:38,(anonymous_3)
FN:43,handleChange
FN:50,handleSave
FN:53,(anonymous_6)
FNF:7
FNH:6
FNDA:21,parseRawAmount
FNDA:58,formatRupees
FNDA:31,AvailableCapitalCard
FNDA:6,(anonymous_3)
FNDA:21,handleChange
FNDA:3,handleSave
FNDA:0,(anonymous_6)
DA:2,1
DA:13,1
DA:14,1
DA:17,21
DA:18,21
DA:19,18
DA:20,18
DA:21,14
DA:25,58
DA:32,31
DA:33,31
DA:36,31
DA:38,31
DA:39,6
DA:40,6
DA:44,21
DA:45,21
DA:46,21
DA:47,21
DA:51,3
DA:52,3
DA:53,3
DA:56,31
LF:23
LH:23
BRDA:18,0,0,3
BRDA:18,0,1,18
BRDA:20,1,0,4
BRDA:20,1,1,14
BRDA:84,2,0,3
BRDA:84,2,1,28
BRF:6
BRH:6
end_of_record
TN:
SF:components\profile\HomeLocationCard.tsx
FN:12,HomeLocationCard
FN:19,(anonymous_1)
FN:23,handleSave
FN:26,(anonymous_3)
FN:29,handleClear
FN:85,(anonymous_5)
FNF:6
FNH:5
FNDA:25,HomeLocationCard
FNDA:5,(anonymous_1)
FNDA:1,handleSave
FNDA:0,(anonymous_3)
FNDA:1,handleClear
FNDA:16,(anonymous_5)
DA:2,1
DA:16,25
DA:17,25
DA:19,25
DA:20,5
DA:24,1
DA:25,1
DA:26,1
DA:30,1
DA:33,25
DA:85,16
LF:11
LH:11
BRDA:61,0,0,1
BRDA:61,0,1,24
BRDA:90,1,0,25
BRDA:90,1,1,21
BRF:4
BRH:4
end_of_record
TN:
SF:components\profile\LanguageCard.tsx
FN:13,LanguageCard
FN:44,(anonymous_1)
FN:48,(anonymous_2)
FNF:3
FNH:3
FNDA:3,LanguageCard
FNDA:1,(anonymous_1)
FNDA:15,(anonymous_2)
DA:2,1
DA:17,3
DA:44,1
DA:49,15
LF:4
LH:4
BRF:0
BRH:0
end_of_record
TN:
SF:components\profile\LogoutCard.tsx
FN:11,LogoutCard
FN:12,handleLogout
FNF:2
FNH:2
FNDA:4,LogoutCard
FNDA:2,handleLogout
DA:2,1
DA:13,2
DA:14,1
DA:16,1
DA:20,4
LF:5
LH:5
BRDA:13,0,0,1
BRDA:13,0,1,1
BRF:2
BRH:2
end_of_record
TN:
SF:components\profile\ProfileForm.tsx
FN:12,ProfileForm
FNF:1
FNH:1
FNDA:2,ProfileForm
DA:2,1
DA:21,2
DA:23,2
LF:3
LH:3
BRF:0
BRH:0
end_of_record
TN:
SF:components\reports\ReportCard.tsx
FN:24,StatusBadge
FN:43,CategoryThumbnail
FN:61,FitScoreMeter
FN:91,ReportCard
FNF:4
FNH:4
FNDA:36,StatusBadge
FNDA:36,CategoryThumbnail
FNDA:36,FitScoreMeter
FNDA:36,ReportCard
DA:4,1
DA:25,36
DA:31,36
DA:44,36
DA:50,36
DA:68,36
DA:92,36
DA:94,36
LF:8
LH:8
BRDA:52,0,0,10
BRDA:52,0,1,26
BRDA:77,1,0,10
BRDA:77,1,1,26
BRDA:79,2,0,26
BRDA:79,2,1,0
BRF:6
BRH:5
end_of_record
TN:
SF:components\reports\ReportFilters.tsx
FN:31,ReportFilters
FN:48,(anonymous_1)
FN:66,(anonymous_2)
FN:83,(anonymous_3)
FN:90,(anonymous_4)
FNF:5
FNH:5
FNDA:10,ReportFilters
FNDA:1,(anonymous_1)
FNDA:1,(anonymous_2)
FNDA:40,(anonymous_3)
FNDA:1,(anonymous_4)
DA:4,1
DA:24,1
DA:40,10
DA:48,1
DA:66,1
DA:84,40
DA:85,40
DA:86,40
DA:90,1
LF:9
LH:9
BRDA:85,0,0,40
BRDA:85,0,1,0
BRDA:93,1,0,10
BRDA:93,1,1,30
BRF:4
BRH:3
end_of_record
TN:
SF:components\saved\EmptySavedState.tsx
FN:8,EmptySavedState
FNF:1
FNH:1
FNDA:2,EmptySavedState
DA:2,1
DA:9,2
LF:2
LH:2
BRF:0
BRH:0
end_of_record
TN:
SF:components\saved\ExploreBanner.tsx
FN:8,ExploreBanner
FNF:1
FNH:1
FNDA:17,ExploreBanner
DA:2,1
DA:9,17
LF:2
LH:2
BRF:0
BRH:0
end_of_record
TN:
SF:components\saved\SavedCategoryCard.tsx
FN:23,getIconTheme
FN:40,getTagClass
FN:49,SavedCategoryCard
FN:119,(anonymous_3)
FNF:4
FNH:4
FNDA:54,getIconTheme
FNDA:54,getTagClass
FNDA:54,SavedCategoryCard
FNDA:5,(anonymous_3)
DA:2,1
DA:24,54
DA:25,54
DA:26,12
DA:28,42
DA:29,13
DA:31,29
DA:32,14
DA:34,15
DA:35,15
DA:37,0
DA:41,54
DA:42,54
DA:43,54
DA:44,40
DA:46,14
DA:53,54
DA:54,54
DA:56,54
DA:120,5
DA:121,5
LF:21
LH:20
BRDA:25,0,0,12
BRDA:25,0,1,42
BRDA:25,1,0,54
BRDA:25,1,1,42
BRDA:28,2,0,13
BRDA:28,2,1,29
BRDA:28,3,0,42
BRDA:28,3,1,29
BRDA:28,3,2,29
BRDA:31,4,0,14
BRDA:31,4,1,15
BRDA:31,5,0,29
BRDA:31,5,1,15
BRDA:31,5,2,15
BRDA:34,6,0,15
BRDA:34,6,1,0
BRDA:34,7,0,15
BRDA:34,7,1,0
BRDA:41,8,0,0
BRDA:41,8,1,54
BRDA:43,9,0,40
BRDA:43,9,1,14
BRDA:43,10,0,54
BRDA:43,10,1,42
BRDA:108,11,0,54
BRDA:108,11,1,54
BRF:26
BRH:23
end_of_record
TN:
SF:components\saved\SavedView.tsx
FN:14,SavedView
FN:18,handleBookmarkToggle
FN:22,(anonymous_2)
FN:25,(anonymous_3)
FN:28,(anonymous_4)
FN:31,(anonymous_5)
FN:54,(anonymous_6)
FN:79,(anonymous_7)
FNF:8
FNH:8
FNDA:17,SavedView
FNDA:5,handleBookmarkToggle
FNDA:17,(anonymous_2)
FNDA:54,(anonymous_3)
FNDA:6,(anonymous_4)
FNDA:6,(anonymous_5)
FNDA:2,(anonymous_6)
FNDA:54,(anonymous_7)
DA:2,1
DA:15,17
DA:16,17
DA:19,5
DA:22,17
DA:23,17
DA:24,17
DA:25,54
DA:27,2
DA:28,6
DA:30,1
DA:31,6
DA:33,0
DA:36,17
DA:54,2
DA:80,54
LF:16
LH:15
BRDA:24,0,0,15
BRDA:24,0,1,2
BRDA:27,1,0,1
BRDA:27,1,1,1
BRDA:30,2,0,1
BRDA:30,2,1,0
BRDA:50,3,0,17
BRDA:50,3,1,16
BRDA:73,4,0,1
BRDA:73,4,1,16
BRF:10
BRH:9
end_of_record
TN:
SF:components\saved\saved-data.ts
FNF:0
FNH:0
DA:4,8
LF:1
LH:1
BRF:0
BRH:0
end_of_record
TN:
SF:components\screens\Discover.tsx
FN:15,DiscoverScreen
FN:34,(anonymous_1)
FN:41,(anonymous_2)
FN:53,(anonymous_3)
FN:54,(anonymous_4)
FN:65,(anonymous_5)
FN:69,(anonymous_6)
FNF:7
FNH:0
FNDA:0,DiscoverScreen
FNDA:0,(anonymous_1)
FNDA:0,(anonymous_2)
FNDA:0,(anonymous_3)
FNDA:0,(anonymous_4)
FNDA:0,(anonymous_5)
FNDA:0,(anonymous_6)
DA:4,0
DA:22,0
DA:25,0
DA:30,0
DA:34,0
DA:35,0
DA:38,0
DA:41,0
DA:43,0
DA:44,0
DA:45,0
DA:47,0
DA:53,0
DA:54,0
DA:55,0
DA:56,0
DA:57,0
DA:59,0
DA:61,0
DA:65,0
DA:66,0
DA:69,0
DA:74,0
LF:23
LH:0
BRDA:38,0,0,0
BRDA:38,0,1,0
BRDA:44,1,0,0
BRDA:44,1,1,0
BRDA:56,2,0,0
BRDA:56,2,1,0
BRF:6
BRH:0
end_of_record
TN:
SF:components\screens\Landing.tsx
FN:14,LandingScreen
FNF:1
FNH:1
FNDA:1,LandingScreen
DA:2,1
DA:15,1
LF:2
LH:2
BRF:0
BRH:0
end_of_record
TN:
SF:components\screens\MyReports.tsx
FN:18,sortReports
FN:21,(anonymous_1)
FN:24,(anonymous_2)
FN:27,(anonymous_3)
FN:30,filterReports
FN:35,(anonymous_5)
FN:43,groupReportsByLocation
FN:56,MyReportsScreen
FN:61,(anonymous_8)
FN:64,(anonymous_9)
FN:65,(anonymous_10)
FN:66,(anonymous_11)
FN:70,(anonymous_12)
FN:75,(anonymous_13)
FN:129,(anonymous_14)
FN:140,(anonymous_15)
FN:160,(anonymous_16)
FNF:17
FNH:15
FNDA:10,sortReports
FNDA:0,(anonymous_1)
FNDA:6,(anonymous_2)
FNDA:44,(anonymous_3)
FNDA:10,filterReports
FNDA:40,(anonymous_5)
FNDA:10,groupReportsByLocation
FNDA:10,MyReportsScreen
FNDA:7,(anonymous_8)
FNDA:28,(anonymous_9)
FNDA:28,(anonymous_10)
FNDA:28,(anonymous_11)
FNDA:10,(anonymous_12)
FNDA:10,(anonymous_13)
FNDA:0,(anonymous_14)
FNDA:20,(anonymous_15)
FNDA:36,(anonymous_16)
DA:4,1
DA:19,10
DA:20,10
DA:21,0
DA:23,10
DA:24,6
DA:27,44
DA:35,10
DA:36,40
DA:38,40
DA:39,40
DA:46,10
DA:47,10
DA:48,36
DA:49,20
DA:51,36
DA:53,10
DA:57,10
DA:58,10
DA:59,10
DA:61,10
DA:62,7
DA:64,28
DA:65,28
DA:66,28
DA:70,10
DA:71,10
DA:72,10
DA:75,10
DA:76,10
DA:79,10
DA:81,10
DA:130,0
DA:131,0
DA:141,20
DA:142,20
DA:161,36
LF:37
LH:34
BRDA:20,0,0,0
BRDA:20,0,1,10
BRDA:23,1,0,1
BRDA:23,1,1,9
BRDA:36,2,0,40
BRDA:36,2,1,4
BRDA:38,3,0,36
BRDA:38,3,1,4
BRDA:38,4,0,4
BRDA:38,4,1,0
BRDA:39,5,0,40
BRDA:39,5,1,38
BRDA:48,6,0,20
BRDA:48,6,1,16
BRDA:120,7,0,0
BRDA:120,7,1,10
BRF:16
BRH:13
end_of_record
TN:
SF:components\screens\NewAssessment.tsx
FNF:0
FNH:0
LF:0
LH:0
BRF:0
BRH:0
end_of_record
TN:
SF:components\screens\Report.tsx
FN:31,StatusBadge
FN:50,ReportScreen
FN:96,(anonymous_2)
FN:102,(anonymous_3)
FN:122,(anonymous_4)
FNF:5
FNH:5
FNDA:13,StatusBadge
FNDA:13,ReportScreen
FNDA:65,(anonymous_2)
FNDA:4,(anonymous_3)
FNDA:1,(anonymous_4)
DA:4,1
DA:19,1
DA:32,13
DA:38,13
DA:51,13
DA:52,13
DA:54,13
DA:97,65
DA:98,65
DA:102,4
DA:122,1
LF:11
LH:11
BRDA:50,0,0,13
BRDA:105,1,0,13
BRDA:105,1,1,52
BRDA:109,2,0,13
BRDA:109,2,1,52
BRDA:119,3,0,13
BRDA:119,3,1,8
BRDA:125,4,0,13
BRDA:125,4,1,1
BRDA:126,5,0,13
BRDA:126,5,1,2
BRDA:127,6,0,13
BRDA:127,6,1,1
BRDA:128,7,0,13
BRDA:128,7,1,1
BRF:15
BRH:15
end_of_record
TN:
SF:components\settings\AboutCard.tsx
FN:8,AboutCard
FNF:1
FNH:1
FNDA:6,AboutCard
DA:2,1
DA:9,6
LF:2
LH:2
BRF:0
BRH:0
end_of_record
TN:
SF:components\settings\ClearDataModal.tsx
FN:13,ClearDataModal
FN:21,(anonymous_1)
FN:24,handleKeyDown
FN:33,(anonymous_3)
FN:51,(anonymous_4)
FNF:5
FNH:5
FNDA:14,ClearDataModal
FNDA:14,(anonymous_1)
FNDA:2,handleKeyDown
FNDA:6,(anonymous_3)
FNDA:6,(anonymous_4)
DA:2,1
DA:18,14
DA:19,14
DA:21,14
DA:22,14
DA:25,2
DA:26,1
DA:30,6
DA:31,6
DA:33,14
DA:34,6
DA:38,14
DA:40,6
DA:51,6
LF:14
LH:14
BRDA:22,0,0,8
BRDA:22,0,1,6
BRDA:25,1,0,1
BRDA:25,1,1,1
BRDA:38,2,0,8
BRDA:38,2,1,6
BRF:6
BRH:6
end_of_record
TN:
SF:components\settings\DataPrivacyCard.tsx
FN:12,DataPrivacyCard
FN:17,handleConfirmClear
FN:69,(anonymous_2)
FN:78,(anonymous_3)
FNF:4
FNH:4
FNDA:9,DataPrivacyCard
FNDA:1,handleConfirmClear
FNDA:2,(anonymous_2)
FNDA:1,(anonymous_3)
DA:2,1
DA:15,9
DA:18,1
DA:19,1
DA:22,9
DA:69,2
DA:78,1
LF:7
LH:7
BRF:0
BRH:0
end_of_record
TN:
SF:components\settings\NotificationsCard.tsx
FN:9,NotificationsCard
FN:12,(anonymous_1)
FN:19,handleToggle
FNF:3
FNH:3
FNDA:10,NotificationsCard
FNDA:5,(anonymous_1)
FNDA:2,handleToggle
DA:2,1
DA:10,10
DA:12,10
DA:13,5
DA:14,5
DA:15,1
DA:20,2
DA:21,2
DA:22,2
DA:25,10
LF:10
LH:10
BRDA:14,0,0,1
BRDA:14,0,1,4
BRDA:82,1,0,2
BRDA:82,1,1,8
BRDA:88,2,0,2
BRDA:88,2,1,8
BRF:6
BRH:6
end_of_record
TN:
SF:components\settings\SettingsView.tsx
FN:11,SettingsView
FN:15,handleClearData
FN:45,(anonymous_2)
FNF:3
FNH:3
FNDA:5,SettingsView
FNDA:1,handleClearData
FNDA:1,(anonymous_2)
DA:2,1
DA:12,5
DA:13,5
DA:16,1
DA:17,1
DA:20,5
DA:45,1
LF:7
LH:7
BRDA:33,0,0,5
BRDA:33,0,1,1
BRF:2
BRH:2
end_of_record
TN:
SF:components\ui\Badge.tsx
FN:31,Badge
FNF:1
FNH:0
FNDA:0,Badge
DA:1,0
DA:14,0
DA:36,0
LF:3
LH:0
BRDA:32,0,0,0
BRF:1
BRH:0
end_of_record
TN:
SF:components\ui\Button.tsx
FN:28,Button
FNF:1
FNH:0
FNDA:0,Button
DA:1,0
DA:14,0
DA:23,0
DA:35,0
LF:4
LH:0
BRDA:29,0,0,0
BRDA:30,1,0,0
BRF:2
BRH:0
end_of_record
TN:
SF:components\ui\Card.tsx
FN:11,Card
FNF:1
FNH:0
FNDA:0,Card
DA:1,0
DA:15,0
LF:2
LH:0
BRF:0
BRH:0
end_of_record
TN:
SF:components\ui\DropDown.tsx
FNF:0
FNH:0
LF:0
LH:0
BRF:0
BRH:0
end_of_record
TN:
SF:components\ui\IconButton.tsx
FN:16,IconButton
FNF:1
FNH:0
FNDA:0,IconButton
DA:1,0
DA:22,0
LF:2
LH:0
BRF:0
BRH:0
end_of_record
TN:
SF:components\ui\Input.tsx
FNF:0
FNH:0
LF:0
LH:0
BRF:0
BRH:0
end_of_record
TN:
SF:components\ui\ProgressBar.tsx
FNF:0
FNH:0
LF:0
LH:0
BRF:0
BRH:0
end_of_record
TN:
SF:components\ui\Tabs.tsx
FNF:0
FNH:0
LF:0
LH:0
BRF:0
BRH:0
end_of_record
TN:
SF:lib\api-client.ts
FN:22,fetchInsights
FN:30,fetchAssessment
FNF:2
FNH:2
FNDA:2,fetchInsights
FNDA:3,fetchAssessment
DA:24,2
DA:36,3
DA:37,3
DA:38,3
DA:39,3
LF:5
LH:5
BRF:0
BRH:0
end_of_record
TN:
SF:lib\assessment-session.ts
FNF:0
FNH:0
DA:6,2
DA:26,2
LF:2
LH:2
BRF:0
BRH:0
end_of_record
TN:
SF:lib\cn.ts
FN:4,cn
FNF:1
FNH:1
FNDA:1632,cn
DA:5,1632
LF:1
LH:1
BRF:0
BRH:0
end_of_record
TN:
SF:lib\constants.ts
FNF:0
FNH:0
DA:3,10
DA:16,10
DA:20,10
DA:22,10
DA:23,10
DA:25,10
DA:55,10
DA:62,10
DA:72,10
DA:79,10
LF:10
LH:10
BRF:0
BRH:0
end_of_record
TN:
SF:lib\discover-types.ts
FNF:0
FNH:0
LF:0
LH:0
BRF:0
BRH:0
end_of_record
TN:
SF:lib\format.ts
FN:3,formatCurrency
FN:11,formatCompactNumber
FN:16,formatPercent
FN:21,formatTrend
FNF:4
FNH:1
FNDA:73,formatCurrency
FNDA:0,formatCompactNumber
FNDA:0,formatPercent
FNDA:0,formatTrend
DA:4,73
DA:13,0
DA:17,0
DA:18,0
DA:22,0
DA:23,0
DA:24,0
LF:7
LH:1
BRDA:16,0,0,0
BRDA:17,1,0,0
BRDA:17,1,1,0
BRDA:17,2,0,0
BRDA:17,2,1,0
BRDA:22,3,0,0
BRDA:22,3,1,0
BRDA:23,4,0,0
BRDA:23,4,1,0
BRF:9
BRH:0
end_of_record
TN:
SF:lib\shell-context.tsx
FN:62,useShellState
FN:69,(anonymous_1)
FN:74,(anonymous_2)
FN:100,(anonymous_3)
FN:101,(anonymous_4)
FN:103,(anonymous_5)
FN:108,(anonymous_6)
FN:114,(anonymous_7)
FN:119,(anonymous_8)
FN:121,(anonymous_9)
FN:127,(anonymous_10)
FN:128,(anonymous_11)
FN:130,(anonymous_12)
FN:135,(anonymous_13)
FN:143,(anonymous_14)
FN:167,(anonymous_15)
FN:205,ShellProvider
FN:218,useShell
FNF:18
FNH:18
FNDA:98,useShellState
FNDA:65,(anonymous_1)
FNDA:65,(anonymous_2)
FNDA:2,(anonymous_3)
FNDA:1,(anonymous_4)
FNDA:2,(anonymous_5)
FNDA:1,(anonymous_6)
FNDA:2,(anonymous_7)
FNDA:37,(anonymous_8)
FNDA:40,(anonymous_9)
FNDA:7,(anonymous_10)
FNDA:7,(anonymous_11)
FNDA:10,(anonymous_12)
FNDA:18,(anonymous_13)
FNDA:4,(anonymous_14)
FNDA:1,(anonymous_15)
FNDA:98,ShellProvider
FNDA:106,useShell
DA:2,8
DA:58,8
DA:63,98
DA:64,98
DA:65,98
DA:66,98
DA:67,98
DA:68,98
DA:69,98
DA:74,98
DA:75,65
DA:76,65
DA:77,0
DA:78,0
DA:80,65
DA:81,65
DA:82,0
DA:83,0
DA:84,0
DA:87,65
DA:88,65
DA:89,2
DA:90,2
DA:91,2
DA:92,1
DA:100,98
DA:101,98
DA:103,98
DA:104,2
DA:108,98
DA:109,1
DA:110,1
DA:111,1
DA:114,98
DA:115,2
DA:116,2
DA:119,98
DA:121,37
DA:122,40
DA:127,98
DA:128,7
DA:129,7
DA:130,7
DA:131,10
DA:134,7
DA:135,6
DA:136,18
DA:140,1
DA:141,0
DA:143,1
DA:144,4
DA:146,1
DA:160,1
DA:162,7
DA:163,7
DA:167,98
DA:168,1
DA:169,1
DA:170,1
DA:171,1
DA:172,1
DA:173,1
DA:174,1
DA:175,1
DA:176,1
DA:177,1
DA:180,98
DA:210,98
DA:211,98
DA:219,106
DA:220,106
DA:221,2
DA:223,103
LF:73
LH:67
BRDA:76,0,0,0
BRDA:76,0,1,65
BRDA:81,1,0,0
BRDA:81,1,1,65
BRDA:83,2,0,0
BRDA:83,2,1,0
BRDA:88,3,0,2
BRDA:88,3,1,63
BRDA:91,4,0,1
BRDA:91,4,1,1
BRDA:129,5,0,7
BRDA:129,5,1,0
BRDA:134,6,0,6
BRDA:134,6,1,1
BRDA:140,7,0,0
BRDA:140,7,1,1
BRDA:146,8,0,0
BRDA:146,8,1,1
BRDA:220,9,0,2
BRDA:220,9,1,104
BRF:20
BRH:13
end_of_record
TN:
SF:lib\storage.ts
FN:7,getStorageItem
FN:16,setStorageItem
FN:25,removeStorageItem
FNF:3
FNH:3
FNDA:225,getStorageItem
FNDA:21,setStorageItem
FNDA:8,removeStorageItem
DA:5,9
DA:8,225
DA:9,225
DA:10,225
DA:12,1
DA:17,21
DA:18,21
DA:19,21
DA:26,8
DA:27,8
DA:28,8
LF:11
LH:11
BRDA:8,0,0,0
BRDA:8,0,1,225
BRDA:17,1,0,0
BRDA:17,1,1,21
BRDA:26,2,0,0
BRDA:26,2,1,8
BRF:6
BRH:3
end_of_record
